2025-10-31T00:41:17.093+03:00  INFO 10137 --- [HumanResources] [SpringApplicationShutdownHook] o.s.b.w.e.tomcat.GracefulShutdown        : Commencing graceful shutdown. Waiting for active requests to complete
2025-10-31T00:41:17.096+03:00  INFO 10137 --- [HumanResources] [tomcat-shutdown] o.s.b.w.e.tomcat.GracefulShutdown        : Graceful shutdown complete
2025-10-31T00:41:17.097+03:00  INFO 10137 --- [HumanResources] [SpringApplicationShutdownHook] j.LocalContainerEntityManagerFactoryBean : Closing JPA EntityManagerFactory for persistence unit 'default'
2025-10-31T00:41:17.097+03:00  INFO 10137 --- [HumanResources] [SpringApplicationShutdownHook] com.zaxxer.hikari.HikariDataSource       : HikariPool-3 - Shutdown initiated...
2025-10-31T00:41:17.098+03:00  INFO 10137 --- [HumanResources] [SpringApplicationShutdownHook] com.zaxxer.hikari.HikariDataSource       : HikariPool-3 - Shutdown completed.
2025-10-31T09:00:53.852+03:00  INFO 15380 --- [HumanResources] [restartedMain] c.ayhanunlu.HumanResourcesApplication    : Starting HumanResourcesApplication using Java 25 with PID 15380 (/Users/ayhanunlu/IdeaProjects/HumanResources/target/classes started by ayhanunlu in /Users/ayhanunlu/IdeaProjects/HumanResources)
2025-10-31T09:00:53.852+03:00  INFO 15380 --- [HumanResources] [restartedMain] c.ayhanunlu.HumanResourcesApplication    : No active profile set, falling back to 1 default profile: "default"
2025-10-31T09:00:53.870+03:00  INFO 15380 --- [HumanResources] [restartedMain] .e.DevToolsPropertyDefaultsPostProcessor : Devtools property defaults active! Set 'spring.devtools.add-properties' to 'false' to disable
2025-10-31T09:00:53.870+03:00  INFO 15380 --- [HumanResources] [restartedMain] .e.DevToolsPropertyDefaultsPostProcessor : For additional web related logging consider setting the 'logging.level.web' property to 'DEBUG'
2025-10-31T09:00:54.191+03:00  INFO 15380 --- [HumanResources] [restartedMain] .s.d.r.c.RepositoryConfigurationDelegate : Bootstrapping Spring Data JPA repositories in DEFAULT mode.
2025-10-31T09:00:54.210+03:00  INFO 15380 --- [HumanResources] [restartedMain] .s.d.r.c.RepositoryConfigurationDelegate : Finished Spring Data repository scanning in 15 ms. Found 2 JPA repository interfaces.
2025-10-31T09:00:54.395+03:00  INFO 15380 --- [HumanResources] [restartedMain] o.s.b.w.embedded.tomcat.TomcatWebServer  : Tomcat initialized with port 8080 (http)
2025-10-31T09:00:54.399+03:00  INFO 15380 --- [HumanResources] [restartedMain] o.apache.catalina.core.StandardService   : Starting service [Tomcat]
2025-10-31T09:00:54.399+03:00  INFO 15380 --- [HumanResources] [restartedMain] o.apache.catalina.core.StandardEngine    : Starting Servlet engine: [Apache Tomcat/10.1.46]
2025-10-31T09:00:54.411+03:00  INFO 15380 --- [HumanResources] [restartedMain] o.a.c.c.C.[Tomcat].[localhost].[/]       : Initializing Spring embedded WebApplicationContext
2025-10-31T09:00:54.411+03:00  INFO 15380 --- [HumanResources] [restartedMain] w.s.c.ServletWebServerApplicationContext : Root WebApplicationContext: initialization completed in 541 ms
2025-10-31T09:00:54.498+03:00  INFO 15380 --- [HumanResources] [restartedMain] o.hibernate.jpa.internal.util.LogHelper  : HHH000204: Processing PersistenceUnitInfo [name: default]
2025-10-31T09:00:54.513+03:00  INFO 15380 --- [HumanResources] [restartedMain] org.hibernate.Version                    : HHH000412: Hibernate ORM core version 6.6.29.Final
2025-10-31T09:00:54.521+03:00  INFO 15380 --- [HumanResources] [restartedMain] o.h.c.internal.RegionFactoryInitiator    : HHH000026: Second-level cache disabled
2025-10-31T09:00:54.605+03:00  INFO 15380 --- [HumanResources] [restartedMain] o.s.o.j.p.SpringPersistenceUnitInfo      : No LoadTimeWeaver setup: ignoring JPA class transformer
2025-10-31T09:00:54.613+03:00  INFO 15380 --- [HumanResources] [restartedMain] com.zaxxer.hikari.HikariDataSource       : HikariPool-1 - Starting...
2025-10-31T09:00:54.666+03:00  INFO 15380 --- [HumanResources] [restartedMain] com.zaxxer.hikari.pool.HikariPool        : HikariPool-1 - Added connection com.mysql.cj.jdbc.ConnectionImpl@443424f2
2025-10-31T09:00:54.666+03:00  INFO 15380 --- [HumanResources] [restartedMain] com.zaxxer.hikari.HikariDataSource       : HikariPool-1 - Start completed.
2025-10-31T09:00:54.683+03:00  WARN 15380 --- [HumanResources] [restartedMain] org.hibernate.orm.deprecation            : HHH90000025: MySQL8Dialect does not need to be specified explicitly using 'hibernate.dialect' (remove the property setting and it will be selected by default)
2025-10-31T09:00:54.684+03:00  WARN 15380 --- [HumanResources] [restartedMain] org.hibernate.orm.deprecation            : HHH90000026: MySQL8Dialect has been deprecated; use org.hibernate.dialect.MySQLDialect instead
2025-10-31T09:00:54.688+03:00  INFO 15380 --- [HumanResources] [restartedMain] org.hibernate.orm.connections.pooling    : HHH10001005: Database info:
	Database JDBC URL [Connecting through datasource 'HikariDataSource (HikariPool-1)']
	Database driver: undefined/unknown
	Database version: 8.0
	Autocommit mode: undefined/unknown
	Isolation level: undefined/unknown
	Minimum pool size: undefined/unknown
	Maximum pool size: undefined/unknown
2025-10-31T09:00:54.963+03:00  INFO 15380 --- [HumanResources] [restartedMain] o.h.e.t.j.p.i.JtaPlatformInitiator       : HHH000489: No JTA platform available (set 'hibernate.transaction.jta.platform' to enable JTA platform integration)
2025-10-31T09:00:54.999+03:00  INFO 15380 --- [HumanResources] [restartedMain] j.LocalContainerEntityManagerFactoryBean : Initialized JPA EntityManagerFactory for persistence unit 'default'
2025-10-31T09:00:55.157+03:00  WARN 15380 --- [HumanResources] [restartedMain] JpaBaseConfiguration$JpaWebConfiguration : spring.jpa.open-in-view is enabled by default. Therefore, database queries may be performed during view rendering. Explicitly configure spring.jpa.open-in-view to disable this warning
2025-10-31T09:00:55.254+03:00  INFO 15380 --- [HumanResources] [restartedMain] o.s.b.a.e.web.EndpointLinksResolver      : Exposing 1 endpoint beneath base path '/actuator'
2025-10-31T09:00:55.266+03:00  WARN 15380 --- [HumanResources] [restartedMain] .s.s.UserDetailsServiceAutoConfiguration : 

Using generated security password: e0e6cedb-7a11-4714-b391-1d2610c6899f

This generated password is for development use only. Your security configuration must be updated before running your application in production.

2025-10-31T09:00:55.268+03:00  INFO 15380 --- [HumanResources] [restartedMain] r$InitializeUserDetailsManagerConfigurer : Global AuthenticationManager configured with UserDetailsService bean with name inMemoryUserDetailsManager
2025-10-31T09:00:55.379+03:00  INFO 15380 --- [HumanResources] [restartedMain] o.s.b.d.a.OptionalLiveReloadServer       : LiveReload server is running on port 35729
2025-10-31T09:00:55.398+03:00  INFO 15380 --- [HumanResources] [restartedMain] o.s.b.w.embedded.tomcat.TomcatWebServer  : Tomcat started on port 8080 (http) with context path '/'
2025-10-31T09:00:55.404+03:00  INFO 15380 --- [HumanResources] [restartedMain] c.ayhanunlu.HumanResourcesApplication    : Started HumanResourcesApplication in 1.681 seconds (process running for 1.888)
2025-10-31T09:00:55.765+03:00  INFO 15380 --- [HumanResources] [RMI TCP Connection(2)-192.168.1.44] o.a.c.c.C.[Tomcat].[localhost].[/]       : Initializing Spring DispatcherServlet 'dispatcherServlet'
2025-10-31T09:00:55.765+03:00  INFO 15380 --- [HumanResources] [RMI TCP Connection(2)-192.168.1.44] o.s.web.servlet.DispatcherServlet        : Initializing Servlet 'dispatcherServlet'
2025-10-31T09:00:55.766+03:00  INFO 15380 --- [HumanResources] [RMI TCP Connection(2)-192.168.1.44] o.s.web.servlet.DispatcherServlet        : Completed initialization in 1 ms
